<?xml version="1.0" encoding="UTF-8"?>
<!-- Generated by org.testng.reporters.JUnitXMLReporter -->
<testsuite ignored="0" hostname="Laxminarayans-MacBook-Pro.local" failures="0" tests="4" name="Login Test" time="19.879" errors="0" timestamp="2025-09-17T01:30:41 IST">
  <testcase classname="WebAutomationTests.tests.NegativeTests" name="loginValidationWithEmptyEmailIdAndEmptyPasswordField" time="1.822"/>
  <testcase classname="WebAutomationTests.tests.NegativeTests" name="loginValidationWithEmptyEmailIdField" time="0.132"/>
  <testcase classname="WebAutomationTests.tests.NegativeTests" name="loginValidationWithEmptyPasswordField" time="0.123"/>
  <testcase classname="WebAutomationTests.tests.StandAloneTest" name="loginValidations" time="0.682"/>
</testsuite> <!-- Login Test -->
