<?xml version="1.0" encoding="UTF-8"?>
<!-- Generated by org.testng.reporters.JUnitXMLReporter -->
<testsuite ignored="0" hostname="Laxminarayans-MacBook-Pro.local" failures="0" tests="3" name="Login Negative Test" time="16.473" errors="0" timestamp="2025-09-17T00:50:02 IST">
  <testcase classname="WebAutomationTests.tests.NegativeTests" name="loginValidationWithEmptyEmailIdAndEmptyPasswordField" time="0.085"/>
  <testcase classname="WebAutomationTests.tests.NegativeTests" name="loginValidationWithEmptyEmailIdField" time="0.134"/>
  <testcase classname="WebAutomationTests.tests.NegativeTests" name="loginValidationWithEmptyPasswordField" time="0.138"/>
</testsuite> <!-- Login Negative Test -->
