<?xml version="1.0" encoding="UTF-8"?>
<!-- Generated by org.testng.reporters.JUnitXMLReporter -->
<testsuite ignored="3" hostname="Laxminarayans-MacBook-Pro.local" failures="0" tests="2" name="Login test" time="10.322" errors="0" timestamp="2025-09-17T23:11:54 IST">
  <testcase classname="WebAutomationTests.tests.StandAloneTest" name="loginValidations" time="0.686"/>
  <testcase classname="WebAutomationTests.tests.StandAloneTest" name="loginValidations" time="0.695"/>
  <testcase classname="WebAutomationTests.tests.NegativeTests" name="loginValidationWithEmptyEmailIdAndEmptyPasswordField" time="0.0">
    <ignored/>
  </testcase> <!-- loginValidationWithEmptyEmailIdAndEmptyPasswordField -->
  <testcase classname="WebAutomationTests.tests.NegativeTests" name="loginValidationWithEmptyPasswordField" time="0.0">
    <ignored/>
  </testcase> <!-- loginValidationWithEmptyPasswordField -->
  <testcase classname="WebAutomationTests.tests.NegativeTests" name="loginValidationWithEmptyEmailIdField" time="0.0">
    <ignored/>
  </testcase> <!-- loginValidationWithEmptyEmailIdField -->
</testsuite> <!-- Login test -->
