<?xml version="1.0" encoding="UTF-8"?>
<testsuite xmlns:xsi="http://www.w3.org/2001/XMLSchema-instance" xsi:noNamespaceSchemaLocation="https://maven.apache.org/surefire/maven-surefire-plugin/xsd/surefire-test-report-3.0.xsd" version="3.0" name="TestSuite" time="2,398.748" tests="5" errors="0" skipped="0" failures="0">
  <properties>
[...]
</properties>
  <testcase name="loginValidationWithEmptyEmailIdAndEmptyPasswordField" classname="WebAutomationTests.tests.NegativeTests" time="0.115">
    <system-err><![CDATA[SLF4J: Failed to load class "org.slf4j.impl.StaticLoggerBinder".
SLF4J: Defaulting to no-operation (NOP) logger implementation
SLF4J: See http://www.slf4j.org/codes.html#StaticLoggerBinder for further details.
Sept 19, 2025 3:12:49 PM org.openqa.selenium.manager.SeleniumManager lambda$runCommand$1
WARNING: Error sending stats to Plausible: error sending request for url (https://plausible.io/api/event)
Sept 19, 2025 3:12:50 PM org.openqa.selenium.devtools.CdpVersionFinder findNearestMatch
WARNING: Unable to find an exact match for CDP version 140, returning the closest version; found: 137; Please update to a Selenium version that supports CDP version 140
]]></system-err>
  </testcase>
  <testcase name="loginValidationWithEmptyEmailIdField" classname="WebAutomationTests.tests.NegativeTests" time="0.14">
    <system-err><![CDATA[Sept 19, 2025 3:21:23 PM org.openqa.selenium.devtools.CdpVersionFinder findNearestMatch
WARNING: Unable to find an exact match for CDP version 140, returning the closest version; found: 137; Please update to a Selenium version that supports CDP version 140
]]></system-err>
  </testcase>
  <testcase name="loginValidationWithEmptyPasswordField" classname="WebAutomationTests.tests.NegativeTests" time="0.123">
    <system-err><![CDATA[Sept 19, 2025 3:21:29 PM org.openqa.selenium.devtools.CdpVersionFinder findNearestMatch
WARNING: Unable to find an exact match for CDP version 140, returning the closest version; found: 137; Please update to a Selenium version that supports CDP version 140
]]></system-err>
  </testcase>
  <testcase name="loginValidations[{password=Testautomation@123, emailId=testautomation2@gmail.com}](1)" classname="WebAutomationTests.tests.StandAloneTest" time="0.786">
    <system-err><![CDATA[Sept 19, 2025 3:21:34 PM org.openqa.selenium.devtools.CdpVersionFinder findNearestMatch
WARNING: Unable to find an exact match for CDP version 140, returning the closest version; found: 137; Please update to a Selenium version that supports CDP version 140
]]></system-err>
  </testcase>
  <testcase name="loginValidations[{password=Testautomation@123, emailId=testautomation3@gmail.com}](2)" classname="WebAutomationTests.tests.StandAloneTest" time="1.073">
    <system-err><![CDATA[Sept 19, 2025 3:21:40 PM org.openqa.selenium.devtools.CdpVersionFinder findNearestMatch
WARNING: Unable to find an exact match for CDP version 140, returning the closest version; found: 137; Please update to a Selenium version that supports CDP version 140
]]></system-err>
  </testcase>
</testsuite>