<?xml version="1.0" encoding="UTF-8"?>
<!-- Generated by org.testng.reporters.JUnitXMLReporter -->
<testsuite ignored="2" hostname="Laxminarayans-MacBook-Pro.local" failures="0" tests="2" name="Login Regression Test" time="9.222" errors="0" timestamp="2025-09-17T01:17:23 IST">
  <testcase classname="WebAutomationTests.tests.NegativeTests" name="loginValidationWithEmptyEmailIdAndEmptyPasswordField" time="0.086"/>
  <testcase classname="WebAutomationTests.tests.NegativeTests" name="loginValidationWithEmptyEmailIdField" time="0.118"/>
  <testcase classname="WebAutomationTests.tests.NegativeTests" name="loginValidationWithEmptyPasswordField" time="0.0">
    <ignored/>
  </testcase> <!-- loginValidationWithEmptyPasswordField -->
  <testcase classname="WebAutomationTests.tests.StandAloneTest" name="loginValidations" time="0.0">
    <ignored/>
  </testcase> <!-- loginValidations -->
</testsuite> <!-- Login Regression Test -->
