<?xml version="1.0" encoding="UTF-8"?>
<!-- Generated by org.testng.reporters.JUnitXMLReporter -->
<testsuite ignored="0" hostname="Laxminarayans-MacBook-Pro.local" failures="0" tests="5" name="Login Test" time="2398.309" errors="0" timestamp="2025-09-19T15:36:22 IST">
  <testcase classname="WebAutomationTests.tests.NegativeTests" name="loginValidationWithEmptyEmailIdAndEmptyPasswordField" time="0.117"/>
  <testcase classname="WebAutomationTests.tests.NegativeTests" name="loginValidationWithEmptyEmailIdField" time="0.139"/>
  <testcase classname="WebAutomationTests.tests.NegativeTests" name="loginValidationWithEmptyPasswordField" time="0.123"/>
  <testcase classname="WebAutomationTests.tests.StandAloneTest" name="loginValidations" time="0.786"/>
  <testcase classname="WebAutomationTests.tests.StandAloneTest" name="loginValidations" time="1.073"/>
</testsuite> <!-- Login Test -->
